<?xml version="1.0" encoding="utf-8" standalone="no"?>
<test-run id="2" testcasecount="13" result="Passed" total="13" passed="0" failed="0" inconclusive="0" skipped="0" asserts="0" engine-version="3.4.1.0" clr-version="4.0.30319.42000" start-time="2016-10-06 12:38:28Z" end-time="2016-10-06 12:38:34Z" duration="5.341363">
  <command-line><![CDATA["C:\_dev\projects\github\F2F.Testing\packages\NUnit.ConsoleRunner\tools\nunit3-console.exe" "--noheader" "--timeout=1200000" "C:\_dev\projects\github\F2F.Testing\tests\F2F.Testing.NUnit.IntegrationTests\bin\Release\F2F.Testing.NUnit.IntegrationTests.dll" ]]></command-line>
  <test-suite type="Assembly" id="1-1020" name="C:\_dev\projects\github\F2F.Testing\tests\F2F.Testing.NUnit.IntegrationTests\bin\Release\F2F.Testing.NUnit.IntegrationTests.dll" fullname="C:\_dev\projects\github\F2F.Testing\tests\F2F.Testing.NUnit.IntegrationTests\bin\Release\F2F.Testing.NUnit.IntegrationTests.dll" runstate="Runnable" testcasecount="13" result="Passed" duration="5.291925" total="13" passed="0" failed="0" inconclusive="0" skipped="0" asserts="0">
    <properties>
      <property name="_PID" value="13532" />
      <property name="_APPDOMAIN" value="test-domain-" />
    </properties>
    <test-suite type="Namespace" id="1-1021" name="F2F" fullname="F2F" runstate="Runnable" testcasecount="13" result="Passed" duration="5.283020" total="13" passed="0" failed="0" inconclusive="0" skipped="0" asserts="0">
      <test-suite type="Namespace" id="1-1022" name="Testing" fullname="F2F.Testing" runstate="Runnable" testcasecount="13" result="Passed" duration="5.282590" total="13" passed="0" failed="0" inconclusive="0" skipped="0" asserts="0">
        <test-suite type="Namespace" id="1-1023" name="NUnit" fullname="F2F.Testing.NUnit" runstate="Runnable" testcasecount="13" result="Passed" duration="5.282232" total="13" passed="0" failed="0" inconclusive="0" skipped="0" asserts="0">
          <test-suite type="Namespace" id="1-1024" name="IntegrationTests" fullname="F2F.Testing.NUnit.IntegrationTests" runstate="Runnable" testcasecount="13" result="Passed" duration="5.281931" total="13" passed="0" failed="0" inconclusive="0" skipped="0" asserts="0">
            <test-suite type="TestFixture" id="1-1000" name="TestFixture_AppConfigFeature_Test" fullname="F2F.Testing.NUnit.IntegrationTests.TestFixture_AppConfigFeature_Test" classname="F2F.Testing.NUnit.IntegrationTests.TestFixture_AppConfigFeature_Test" runstate="Runnable" testcasecount="1" result="Passed" duration="0.427341" total="1" passed="0" failed="0" inconclusive="0" skipped="0" asserts="0">
              <test-case id="1-1001" name="WhenInstallingAppConfig_ShouldContainCorrectData" fullname="F2F.Testing.NUnit.IntegrationTests.TestFixture_AppConfigFeature_Test.WhenInstallingAppConfig_ShouldContainCorrectData" methodname="WhenInstallingAppConfig_ShouldContainCorrectData" classname="F2F.Testing.NUnit.IntegrationTests.TestFixture_AppConfigFeature_Test" runstate="Runnable" result="Passed" duration="0.413815" asserts="0" />
            </test-suite>
            <test-suite type="TestFixture" id="1-1002" name="TestFixture_AutoMockFeature_Test" fullname="F2F.Testing.NUnit.IntegrationTests.TestFixture_AutoMockFeature_Test" classname="F2F.Testing.NUnit.IntegrationTests.TestFixture_AutoMockFeature_Test" runstate="Runnable" testcasecount="1" result="Passed" duration="0.408318" total="1" passed="0" failed="0" inconclusive="0" skipped="0" asserts="0">
              <test-case id="1-1003" name="When_Create_Interface_With_Fixture__Should_Not_Be_Null" fullname="F2F.Testing.NUnit.IntegrationTests.TestFixture_AutoMockFeature_Test.When_Create_Interface_With_Fixture__Should_Not_Be_Null" methodname="When_Create_Interface_With_Fixture__Should_Not_Be_Null" classname="F2F.Testing.NUnit.IntegrationTests.TestFixture_AutoMockFeature_Test" runstate="Runnable" result="Passed" duration="0.323883" asserts="0" />
            </test-suite>
            <test-suite type="TestFixture" id="1-1018" name="TestFixture_FeatureDisposal_Test" fullname="F2F.Testing.NUnit.IntegrationTests.TestFixture_FeatureDisposal_Test" classname="F2F.Testing.NUnit.IntegrationTests.TestFixture_FeatureDisposal_Test" runstate="Runnable" testcasecount="1" result="Passed" duration="0.005410" total="1" passed="0" failed="0" inconclusive="0" skipped="0" asserts="0">
              <test-case id="1-1019" name="When_Fixture_Is_Disposed__Should_Dispose_Features_In_Reverse_Order_Of_Registration" fullname="F2F.Testing.NUnit.IntegrationTests.TestFixture_FeatureDisposal_Test.When_Fixture_Is_Disposed__Should_Dispose_Features_In_Reverse_Order_Of_Registration" methodname="When_Fixture_Is_Disposed__Should_Dispose_Features_In_Reverse_Order_Of_Registration" classname="F2F.Testing.NUnit.IntegrationTests.TestFixture_FeatureDisposal_Test" runstate="Runnable" result="Passed" duration="0.000910" asserts="0" />
            </test-suite>
            <test-suite type="TestFixture" id="1-1004" name="TestFixture_FileSandboxFeature_Test" fullname="F2F.Testing.NUnit.IntegrationTests.TestFixture_FileSandboxFeature_Test" classname="F2F.Testing.NUnit.IntegrationTests.TestFixture_FileSandboxFeature_Test" runstate="Runnable" testcasecount="5" result="Passed" duration="0.023848" total="5" passed="0" failed="0" inconclusive="0" skipped="0" asserts="0">
              <test-case id="1-1009" name="Dispose_ShouldDeleteDatabaseFile" fullname="F2F.Testing.NUnit.IntegrationTests.TestFixture_FileSandboxFeature_Test.Dispose_ShouldDeleteDatabaseFile" methodname="Dispose_ShouldDeleteDatabaseFile" classname="F2F.Testing.NUnit.IntegrationTests.TestFixture_FileSandboxFeature_Test" runstate="Runnable" result="Passed" duration="0.002535" asserts="0" />
              <test-case id="1-1008" name="Dispose_ShouldSetSandboxToNull" fullname="F2F.Testing.NUnit.IntegrationTests.TestFixture_FileSandboxFeature_Test.Dispose_ShouldSetSandboxToNull" methodname="Dispose_ShouldSetSandboxToNull" classname="F2F.Testing.NUnit.IntegrationTests.TestFixture_FileSandboxFeature_Test" runstate="Runnable" result="Passed" duration="0.002029" asserts="0" />
              <test-case id="1-1007" name="When_Providing_File__Should_Contain_Expected_Content" fullname="F2F.Testing.NUnit.IntegrationTests.TestFixture_FileSandboxFeature_Test.When_Providing_File__Should_Contain_Expected_Content" methodname="When_Providing_File__Should_Contain_Expected_Content" classname="F2F.Testing.NUnit.IntegrationTests.TestFixture_FileSandboxFeature_Test" runstate="Runnable" result="Passed" duration="0.008603" asserts="0" />
              <test-case id="1-1006" name="When_Providing_File__Should_Exist" fullname="F2F.Testing.NUnit.IntegrationTests.TestFixture_FileSandboxFeature_Test.When_Providing_File__Should_Exist" methodname="When_Providing_File__Should_Exist" classname="F2F.Testing.NUnit.IntegrationTests.TestFixture_FileSandboxFeature_Test" runstate="Runnable" result="Passed" duration="0.004540" asserts="0" />
              <test-case id="1-1005" name="When_Requesting_Sandbox_Feature__Should_Not_Be_Null" fullname="F2F.Testing.NUnit.IntegrationTests.TestFixture_FileSandboxFeature_Test.When_Requesting_Sandbox_Feature__Should_Not_Be_Null" methodname="When_Requesting_Sandbox_Feature__Should_Not_Be_Null" classname="F2F.Testing.NUnit.IntegrationTests.TestFixture_FileSandboxFeature_Test" runstate="Runnable" result="Passed" duration="0.001671" asserts="0" />
            </test-suite>
            <test-suite type="TestFixture" id="1-1010" name="TestFixture_LocalDbContextFeature_Test" fullname="F2F.Testing.NUnit.IntegrationTests.TestFixture_LocalDbContextFeature_Test" classname="F2F.Testing.NUnit.IntegrationTests.TestFixture_LocalDbContextFeature_Test" runstate="Runnable" testcasecount="2" result="Passed" duration="4.399168" total="2" passed="0" failed="0" inconclusive="0" skipped="0" asserts="0">
              <test-case id="1-1012" name="Dispose_ShouldDeleteDatabaseFile" fullname="F2F.Testing.NUnit.IntegrationTests.TestFixture_LocalDbContextFeature_Test.Dispose_ShouldDeleteDatabaseFile" methodname="Dispose_ShouldDeleteDatabaseFile" classname="F2F.Testing.NUnit.IntegrationTests.TestFixture_LocalDbContextFeature_Test" runstate="Runnable" result="Passed" duration="4.081091" asserts="0" />
              <test-case id="1-1011" name="When_Creating_Context__Should_Not_Be_Null" fullname="F2F.Testing.NUnit.IntegrationTests.TestFixture_LocalDbContextFeature_Test.When_Creating_Context__Should_Not_Be_Null" methodname="When_Creating_Context__Should_Not_Be_Null" classname="F2F.Testing.NUnit.IntegrationTests.TestFixture_LocalDbContextFeature_Test" runstate="Runnable" result="Passed" duration="0.314770" asserts="0" />
            </test-suite>
            <test-suite type="TestFixture" id="1-1013" name="TestFixture_LocalDbFeature_Test" fullname="F2F.Testing.NUnit.IntegrationTests.TestFixture_LocalDbFeature_Test" classname="F2F.Testing.NUnit.IntegrationTests.TestFixture_LocalDbFeature_Test" runstate="Runnable" testcasecount="2" result="Passed" duration="0.005048" total="2" passed="0" failed="0" inconclusive="0" skipped="0" asserts="0">
              <test-case id="1-1015" name="ConnectionString_ShouldNotBeNull" fullname="F2F.Testing.NUnit.IntegrationTests.TestFixture_LocalDbFeature_Test.ConnectionString_ShouldNotBeNull" methodname="ConnectionString_ShouldNotBeNull" classname="F2F.Testing.NUnit.IntegrationTests.TestFixture_LocalDbFeature_Test" runstate="Runnable" result="Passed" duration="0.001890" asserts="0" />
              <test-case id="1-1014" name="DatabaseFile_ShouldNotBeNull" fullname="F2F.Testing.NUnit.IntegrationTests.TestFixture_LocalDbFeature_Test.DatabaseFile_ShouldNotBeNull" methodname="DatabaseFile_ShouldNotBeNull" classname="F2F.Testing.NUnit.IntegrationTests.TestFixture_LocalDbFeature_Test" runstate="Runnable" result="Passed" duration="0.001618" asserts="0" />
            </test-suite>
            <test-suite type="TestFixture" id="1-1016" name="TestFixture_Test" fullname="F2F.Testing.NUnit.IntegrationTests.TestFixture_Test" classname="F2F.Testing.NUnit.IntegrationTests.TestFixture_Test" runstate="Runnable" testcasecount="1" result="Passed" duration="0.001594" total="1" passed="0" failed="0" inconclusive="0" skipped="0" asserts="0">
              <test-case id="1-1017" name="When_Fixture_Is_Disposed__Should_Call_Dispose" fullname="F2F.Testing.NUnit.IntegrationTests.TestFixture_Test.When_Fixture_Is_Disposed__Should_Call_Dispose" methodname="When_Fixture_Is_Disposed__Should_Call_Dispose" classname="F2F.Testing.NUnit.IntegrationTests.TestFixture_Test" runstate="Runnable" result="Passed" duration="0.000610" asserts="0" />
            </test-suite>
          </test-suite>
        </test-suite>
      </test-suite>
    </test-suite>
  </test-suite>
</test-run>